<?xml version="1.0" encoding="UTF-8"?>
<testsuite name="com.ktyolmz.library.service.TestLibraryService" tests="6" skipped="0" failures="0" errors="0" timestamp="2024-05-06T13:22:45" hostname="BLG2A-V1-BB0128" time="0.185">
  <properties/>
  <testcase name="testAssignBookToUser()" classname="com.ktyolmz.library.service.TestLibraryService" time="0.097"/>
  <testcase name="testAssignBookToUser_bookNotFound()" classname="com.ktyolmz.library.service.TestLibraryService" time="0.015"/>
  <testcase name="testReturnBook_bookNotFound()" classname="com.ktyolmz.library.service.TestLibraryService" time="0.019"/>
  <testcase name="testAssignBookToUser_bookAlreadyTaken()" classname="com.ktyolmz.library.service.TestLibraryService" time="0.008"/>
  <testcase name="testReturnBook()" classname="com.ktyolmz.library.service.TestLibraryService" time="0.006"/>
  <testcase name="testAssignBookToUser_userNotFound()" classname="com.ktyolmz.library.service.TestLibraryService" time="0.008"/>
  <system-out><![CDATA[16:22:38.042 [Test worker] INFO org.springframework.test.context.support.AnnotationConfigContextLoaderUtils -- Could not detect default configuration classes for test class [com.ktyolmz.library.service.TestLibraryService]: TestLibraryService does not declare any static, non-private, non-final, nested classes annotated with @Configuration.
16:22:38.202 [Test worker] INFO org.springframework.boot.test.context.SpringBootTestContextBootstrapper -- Found @SpringBootConfiguration com.ktyolmz.library.LibraryManagementApplication for test class com.ktyolmz.library.service.TestLibraryService

  .   ____          _            __ _ _
 /\\ / ___'_ __ _ _(_)_ __  __ _ \ \ \ \
( ( )\___ | '_ | '_| | '_ \/ _` | \ \ \ \
 \\/  ___)| |_)| | | | | || (_| |  ) ) ) )
  '  |____| .__|_| |_|_| |_\__, | / / / /
 =========|_|==============|___/=/_/_/_/
 :: Spring Boot ::                (v3.2.3)

2024-05-06T16:22:38.645+03:00  INFO 1836 --- [LibraryManagement] [    Test worker] c.k.library.service.TestLibraryService   : Starting TestLibraryService using Java 17.0.7 with PID 1836 (started by kutay.olmez in D:\Projects\library)
2024-05-06T16:22:38.647+03:00  INFO 1836 --- [LibraryManagement] [    Test worker] c.k.library.service.TestLibraryService   : No active profile set, falling back to 1 default profile: "default"
2024-05-06T16:22:40.345+03:00  INFO 1836 --- [LibraryManagement] [    Test worker] .s.d.r.c.RepositoryConfigurationDelegate : Bootstrapping Spring Data JPA repositories in DEFAULT mode.
2024-05-06T16:22:40.416+03:00  INFO 1836 --- [LibraryManagement] [    Test worker] .s.d.r.c.RepositoryConfigurationDelegate : Finished Spring Data repository scanning in 62 ms. Found 3 JPA repository interfaces.
2024-05-06T16:22:40.878+03:00  INFO 1836 --- [LibraryManagement] [    Test worker] com.zaxxer.hikari.HikariDataSource       : HikariPool-1 - Starting...
2024-05-06T16:22:42.142+03:00  INFO 1836 --- [LibraryManagement] [    Test worker] com.zaxxer.hikari.pool.HikariPool        : HikariPool-1 - Added connection org.postgresql.jdbc.PgConnection@426131d7
2024-05-06T16:22:42.144+03:00  INFO 1836 --- [LibraryManagement] [    Test worker] com.zaxxer.hikari.HikariDataSource       : HikariPool-1 - Start completed.
2024-05-06T16:22:42.202+03:00  INFO 1836 --- [LibraryManagement] [    Test worker] o.hibernate.jpa.internal.util.LogHelper  : HHH000204: Processing PersistenceUnitInfo [name: default]
2024-05-06T16:22:42.285+03:00  INFO 1836 --- [LibraryManagement] [    Test worker] org.hibernate.Version                    : HHH000412: Hibernate ORM core version 6.4.4.Final
2024-05-06T16:22:42.330+03:00  INFO 1836 --- [LibraryManagement] [    Test worker] o.h.c.internal.RegionFactoryInitiator    : HHH000026: Second-level cache disabled
2024-05-06T16:22:42.687+03:00  INFO 1836 --- [LibraryManagement] [    Test worker] o.s.o.j.p.SpringPersistenceUnitInfo      : No LoadTimeWeaver setup: ignoring JPA class transformer
2024-05-06T16:22:43.742+03:00  INFO 1836 --- [LibraryManagement] [    Test worker] o.h.e.t.j.p.i.JtaPlatformInitiator       : HHH000489: No JTA platform available (set 'hibernate.transaction.jta.platform' to enable JTA platform integration)
2024-05-06T16:22:43.746+03:00  INFO 1836 --- [LibraryManagement] [    Test worker] j.LocalContainerEntityManagerFactoryBean : Initialized JPA EntityManagerFactory for persistence unit 'default'
2024-05-06T16:22:44.460+03:00  WARN 1836 --- [LibraryManagement] [    Test worker] JpaBaseConfiguration$JpaWebConfiguration : spring.jpa.open-in-view is enabled by default. Therefore, database queries may be performed during view rendering. Explicitly configure spring.jpa.open-in-view to disable this warning
2024-05-06T16:22:44.896+03:00  INFO 1836 --- [LibraryManagement] [    Test worker] c.k.library.service.TestLibraryService   : Started TestLibraryService in 6.522 seconds (process running for 7.94)
]]></system-out>
  <system-err><![CDATA[]]></system-err>
</testsuite>
